<?xml version="1.0" encoding="UTF-8"?><testsuite errors="0" failures="0" name="TDTProject.features.search.SearchByKeywordStory" skipped="1" tests="3" time="19.05" timestamp="2019-05-15T16:19:09.531370900+03:00[Asia/Beirut]"><testcase classname="TDTProject.features.search.SearchByKeywordStory" name="Searching by keyword banana should display the corresponding article"/><testcase classname="TDTProject.features.search.SearchByKeywordStory" name="Searching by ambiguious keyword should display the disambiguation page"><skipped/></testcase><testcase classname="TDTProject.features.search.SearchByKeywordStory" name="Searching by keyword apple should display the corresponding article"/></testsuite>