<?xml version="1.0" encoding="UTF-8"?><testsuite errors="0" failures="0" name="TDTProject.features.search.LoginStory" skipped="0" tests="4" time="29.74" timestamp="2019-05-23T09:37:57.593128800+03:00[Europe/Athens]"><testcase classname="TDTProject.features.search.LoginStory" name="Invalid email login"/><testcase classname="TDTProject.features.search.LoginStory" name="Successful login"/><testcase classname="TDTProject.features.search.LoginStory" name="Wrong password login"/><testcase classname="TDTProject.features.search.LoginStory" name="Empty login"/></testsuite>