<?xml version="1.0" encoding="UTF-8"?><testsuite errors="0" failures="0" name="TDTProject.features.search.EditStory" skipped="0" tests="5" time="68.05" timestamp="2019-05-15T19:55:00.824976300+03:00[Asia/Beirut]"><testcase classname="TDTProject.features.search.EditStory" name="Change all date"/><testcase classname="TDTProject.features.search.EditStory" name="Change gender"/><testcase classname="TDTProject.features.search.EditStory" name="Change phone number"/><testcase classname="TDTProject.features.search.EditStory" name="Change DOB"/><testcase classname="TDTProject.features.search.EditStory" name="Change phone number fail"/></testsuite>